2025-04-05 14:55:44,722 - __main__ - INFO - No configuration provided, using demo graph
2025-04-05 14:55:57,863 - __main__ - INFO - No configuration provided, using demo graph
2025-04-05 15:02:48,743 - __main__ - INFO - No configuration provided, using demo graph
2025-04-05 16:11:57,752 - __main__ - INFO - No configuration provided, using demo graph
2025-04-05 16:11:57,752 - src.graph.service_graph.ServiceGraph - INFO - Inferring relationships between services...
2025-04-05 16:11:57,752 - src.graph.service_graph.ServiceGraph - INFO - Inference complete. Added relationships based on common patterns.
2025-04-05 16:11:57,752 - __main__ - INFO - Built service graph with 8 nodes and 10 edges
2025-04-05 16:11:57,752 - __main__ - INFO - Enabling ML capabilities
2025-04-05 16:11:57,752 - src.ml.anomaly_detection.AnomalyDetectionEngine - INFO - Added detector: metrics
2025-04-05 16:11:57,752 - src.ml.anomaly_detection.AnomalyDetectionEngine - INFO - Added detector: logs
2025-04-05 16:11:57,752 - src.ml.anomaly_detection.AnomalyDetectionEngine - INFO - Added detector: ml
2025-04-05 16:11:57,752 - src.ml.learning.remediation_learner.RemediationLearningEngine - INFO - Added learner: rules
2025-04-05 16:11:57,752 - src.ml.learning.remediation_learner.RemediationLearningEngine - INFO - Added learner: rl
2025-04-05 16:11:57,752 - src.ml.learning.remediation_learner.RemediationLearningEngine - INFO - Registered action: Restart Service
2025-04-05 16:11:57,752 - src.ml.learning.remediation_learner.RemediationLearningEngine - INFO - Registered action: Scale Service
2025-04-05 16:11:57,752 - src.ml.learning.remediation_learner.RemediationLearningEngine - INFO - Registered action: Rollback Deployment
2025-04-05 16:11:57,752 - src.ml.learning.remediation_learner.RemediationLearningEngine - INFO - Registered action: Drain Node
2025-04-05 16:11:57,752 - src.ml.learning.remediation_learner.RemediationLearningEngine - INFO - Registered action: Clear Cache
2025-04-05 16:11:57,753 - __main__ - INFO - Loading ML models from models
2025-04-05 16:11:57,753 - src.ml.anomaly_detection.AnomalyDetectionEngine - ERROR - Error loading model for detector metrics: [Errno 2] No such file or directory: 'models/anomaly/metrics_model.npy'
2025-04-05 16:11:57,753 - src.ml.anomaly_detection.AnomalyDetectionEngine - INFO - Loaded model for detector: logs
2025-04-05 16:11:57,753 - src.ml.anomaly_detection.AnomalyDetectionEngine - INFO - Loaded model for detector: ml
2025-04-05 16:11:57,753 - src.ml.integration.MLIntegrationEngine - INFO - Loaded all ML models from models
2025-04-05 16:11:57,755 - src.ml.integration.MLIntegrationEngine - INFO - Started monitoring thread
2025-04-05 16:11:57,755 - __main__ - INFO - Started ML monitoring
2025-04-05 16:11:57,755 - __main__ - INFO - Scheduled anomaly injection
2025-04-05 16:11:57,756 - __main__ - INFO - Starting web server on 0.0.0.0:8080
2025-04-05 16:11:57,765 - src.ml.anomaly_detection.AnomalyDetectionEngine - ERROR - Error in detector metrics: Model must be trained before detection
2025-04-05 16:11:57,765 - src.ml.anomaly_detection.AnomalyDetectionEngine - ERROR - Error in detector logs: Model must be trained before detection
2025-04-05 16:11:57,766 - src.ml.integration.MLIntegrationEngine - INFO - Detected anomalies: 0
2025-04-05 16:11:57,767 - src.web.server - INFO - Created/updated web interface HTML at /Users/rajranjan/CredHackathon/src/web/static/index.html
2025-04-05 16:11:58,036 - src.web.server - INFO - Starting web server on 0.0.0.0:8080
2025-04-05 16:12:27,760 - __main__ - INFO - Injected synthetic issue synthetic-issue-20250405161227 affecting service backend
2025-04-05 16:12:27,761 - src.ml.learning.remediation_learner.RemediationLearningEngine - WARNING - No available actions for the current state
2025-04-05 16:12:27,761 - __main__ - INFO - Updated health status of backend to critical
2025-04-05 16:12:57,807 - src.ml.anomaly_detection.AnomalyDetectionEngine - ERROR - Error in detector metrics: Model must be trained before detection
2025-04-05 16:12:57,807 - src.ml.anomaly_detection.AnomalyDetectionEngine - ERROR - Error in detector logs: Model must be trained before detection
2025-04-05 16:12:57,807 - src.ml.integration.MLIntegrationEngine - INFO - Detected anomalies: 0
2025-04-05 16:13:57,828 - src.ml.anomaly_detection.AnomalyDetectionEngine - ERROR - Error in detector metrics: Model must be trained before detection
2025-04-05 16:13:57,830 - src.ml.anomaly_detection.AnomalyDetectionEngine - ERROR - Error in detector logs: Model must be trained before detection
2025-04-05 16:13:57,830 - src.ml.integration.MLIntegrationEngine - INFO - Detected anomalies: 0
2025-04-05 16:14:57,852 - src.ml.anomaly_detection.AnomalyDetectionEngine - ERROR - Error in detector metrics: Model must be trained before detection
2025-04-05 16:14:57,853 - src.ml.anomaly_detection.AnomalyDetectionEngine - ERROR - Error in detector logs: Model must be trained before detection
2025-04-05 16:14:57,853 - src.ml.integration.MLIntegrationEngine - INFO - Detected anomalies: 0
2025-04-05 16:15:57,870 - src.ml.anomaly_detection.AnomalyDetectionEngine - ERROR - Error in detector metrics: Model must be trained before detection
2025-04-05 16:15:57,871 - src.ml.anomaly_detection.AnomalyDetectionEngine - ERROR - Error in detector logs: Model must be trained before detection
2025-04-05 16:15:57,872 - src.ml.integration.MLIntegrationEngine - INFO - Detected anomalies: 0
2025-04-05 16:16:57,894 - src.ml.anomaly_detection.AnomalyDetectionEngine - ERROR - Error in detector metrics: Model must be trained before detection
2025-04-05 16:16:57,894 - src.ml.anomaly_detection.AnomalyDetectionEngine - ERROR - Error in detector logs: Model must be trained before detection
2025-04-05 16:16:57,894 - src.ml.integration.MLIntegrationEngine - INFO - Detected anomalies: 0
2025-04-05 16:17:25,277 - __main__ - INFO - Server interrupted by user
2025-04-05 16:17:30,283 - src.ml.integration.MLIntegrationEngine - INFO - Stopped monitoring thread
2025-04-05 16:17:30,283 - __main__ - INFO - Stopped ML monitoring
2025-04-05 16:17:30,283 - __main__ - INFO - Server stopped
2025-04-05 16:17:48,652 - __main__ - INFO - No configuration provided, using demo graph
2025-04-05 16:17:48,653 - src.graph.service_graph.ServiceGraph - INFO - Inferring relationships between services...
2025-04-05 16:17:48,653 - src.graph.service_graph.ServiceGraph - INFO - Inference complete. Added relationships based on common patterns.
2025-04-05 16:17:48,653 - __main__ - INFO - Built service graph with 8 nodes and 10 edges
2025-04-05 16:17:48,653 - __main__ - INFO - Enabling ML capabilities
2025-04-05 16:17:48,653 - src.ml.anomaly_detection.AnomalyDetectionEngine - INFO - Added detector: metrics
2025-04-05 16:17:48,653 - src.ml.anomaly_detection.AnomalyDetectionEngine - INFO - Added detector: logs
2025-04-05 16:17:48,653 - src.ml.anomaly_detection.AnomalyDetectionEngine - INFO - Added detector: ml
2025-04-05 16:17:48,653 - src.ml.learning.remediation_learner.RemediationLearningEngine - INFO - Added learner: rules
2025-04-05 16:17:48,653 - src.ml.learning.remediation_learner.RemediationLearningEngine - INFO - Added learner: rl
2025-04-05 16:17:48,653 - src.ml.learning.remediation_learner.RemediationLearningEngine - INFO - Registered action: Restart Service
2025-04-05 16:17:48,653 - src.ml.learning.remediation_learner.RemediationLearningEngine - INFO - Registered action: Scale Service
2025-04-05 16:17:48,653 - src.ml.learning.remediation_learner.RemediationLearningEngine - INFO - Registered action: Rollback Deployment
2025-04-05 16:17:48,653 - src.ml.learning.remediation_learner.RemediationLearningEngine - INFO - Registered action: Drain Node
2025-04-05 16:17:48,653 - src.ml.learning.remediation_learner.RemediationLearningEngine - INFO - Registered action: Clear Cache
2025-04-05 16:17:48,653 - __main__ - INFO - Loading ML models from models
2025-04-05 16:17:48,655 - src.ml.anomaly_detection.AnomalyDetectionEngine - ERROR - Error loading model for detector metrics: 'baseline'
2025-04-05 16:17:48,655 - src.ml.anomaly_detection.AnomalyDetectionEngine - INFO - Loaded model for detector: logs
2025-04-05 16:17:48,655 - src.ml.anomaly_detection.AnomalyDetectionEngine - INFO - Loaded model for detector: ml
2025-04-05 16:17:48,656 - src.ml.learning.remediation_learner.RemediationLearningEngine - ERROR - Error loading model for learner rules: 'config'
2025-04-05 16:17:48,656 - src.ml.learning.remediation_learner.RemediationLearningEngine - INFO - Loaded model for learner: rl
2025-04-05 16:23:17,071 - __main__ - INFO - No configuration provided, using demo graph
2025-04-05 16:23:17,071 - src.graph.service_graph.ServiceGraph - INFO - Inferring relationships between services...
2025-04-05 16:23:17,071 - src.graph.service_graph.ServiceGraph - INFO - Inference complete. Added relationships based on common patterns.
2025-04-05 16:23:17,072 - __main__ - INFO - Built service graph with 8 nodes and 10 edges
2025-04-05 16:23:17,072 - __main__ - INFO - Enabling ML capabilities
2025-04-05 16:23:17,072 - src.ml.anomaly_detection.AnomalyDetectionEngine - INFO - Added detector: metrics
2025-04-05 16:23:17,072 - src.ml.anomaly_detection.AnomalyDetectionEngine - INFO - Added detector: logs
2025-04-05 16:23:17,072 - src.ml.anomaly_detection.AnomalyDetectionEngine - INFO - Added detector: ml
2025-04-05 16:23:17,072 - src.ml.learning.remediation_learner.RemediationLearningEngine - INFO - Added learner: rules
2025-04-05 16:23:17,072 - src.ml.learning.remediation_learner.RemediationLearningEngine - INFO - Added learner: rl
2025-04-05 16:23:17,072 - src.ml.learning.remediation_learner.RemediationLearningEngine - INFO - Registered action: Restart Service
2025-04-05 16:23:17,072 - src.ml.learning.remediation_learner.RemediationLearningEngine - INFO - Registered action: Scale Service
2025-04-05 16:23:17,072 - src.ml.learning.remediation_learner.RemediationLearningEngine - INFO - Registered action: Rollback Deployment
2025-04-05 16:23:17,072 - src.ml.learning.remediation_learner.RemediationLearningEngine - INFO - Registered action: Drain Node
2025-04-05 16:23:17,072 - src.ml.learning.remediation_learner.RemediationLearningEngine - INFO - Registered action: Clear Cache
2025-04-05 16:23:17,072 - __main__ - INFO - Loading ML models from models
2025-04-05 16:23:17,074 - src.ml.anomaly_detection.AnomalyDetectionEngine - ERROR - Error loading model for detector metrics: 'baseline'
2025-04-05 16:23:17,074 - src.ml.anomaly_detection.AnomalyDetectionEngine - INFO - Loaded model for detector: logs
2025-04-05 16:23:17,074 - src.ml.anomaly_detection.AnomalyDetectionEngine - INFO - Loaded model for detector: ml
2025-04-05 16:23:17,074 - src.ml.learning.remediation_learner.RemediationLearningEngine - ERROR - Error loading model for learner rules: 'config'
2025-04-05 16:23:17,074 - src.ml.learning.remediation_learner.RemediationLearningEngine - INFO - Loaded model for learner: rl
2025-04-05 16:23:49,416 - __main__ - INFO - No configuration provided, using demo graph
2025-04-05 16:23:49,416 - src.graph.service_graph.ServiceGraph - INFO - Inferring relationships between services...
2025-04-05 16:23:49,417 - src.graph.service_graph.ServiceGraph - INFO - Inference complete. Added relationships based on common patterns.
2025-04-05 16:23:49,417 - __main__ - INFO - Built service graph with 8 nodes and 10 edges
2025-04-05 16:23:49,417 - __main__ - INFO - Enabling ML capabilities
2025-04-05 16:23:49,417 - src.ml.anomaly_detection.AnomalyDetectionEngine - INFO - Added detector: metrics
2025-04-05 16:23:49,417 - src.ml.anomaly_detection.AnomalyDetectionEngine - INFO - Added detector: logs
2025-04-05 16:23:49,417 - src.ml.anomaly_detection.AnomalyDetectionEngine - INFO - Added detector: ml
2025-04-05 16:23:49,417 - src.ml.learning.remediation_learner.RemediationLearningEngine - INFO - Added learner: rules
2025-04-05 16:23:49,417 - src.ml.learning.remediation_learner.RemediationLearningEngine - INFO - Added learner: rl
2025-04-05 16:23:49,417 - src.ml.learning.remediation_learner.RemediationLearningEngine - INFO - Registered action: Restart Service
2025-04-05 16:23:49,417 - src.ml.learning.remediation_learner.RemediationLearningEngine - INFO - Registered action: Scale Service
2025-04-05 16:23:49,417 - src.ml.learning.remediation_learner.RemediationLearningEngine - INFO - Registered action: Rollback Deployment
2025-04-05 16:23:49,417 - src.ml.learning.remediation_learner.RemediationLearningEngine - INFO - Registered action: Drain Node
2025-04-05 16:23:49,417 - src.ml.learning.remediation_learner.RemediationLearningEngine - INFO - Registered action: Clear Cache
2025-04-05 16:23:49,417 - __main__ - INFO - Loading ML models from models
2025-04-05 16:23:49,419 - src.ml.anomaly_detection.AnomalyDetectionEngine - ERROR - Error loading model for detector metrics: 'baseline'
2025-04-05 16:23:49,419 - src.ml.anomaly_detection.AnomalyDetectionEngine - INFO - Loaded model for detector: logs
2025-04-05 16:23:49,419 - src.ml.anomaly_detection.AnomalyDetectionEngine - INFO - Loaded model for detector: ml
2025-04-05 16:23:49,419 - src.ml.learning.remediation_learner.RemediationLearningEngine - ERROR - Error loading model for learner rules: 'config'
2025-04-05 16:23:49,419 - src.ml.learning.remediation_learner.RemediationLearningEngine - INFO - Loaded model for learner: rl
2025-04-05 16:26:52,803 - __main__ - INFO - No configuration provided, using demo graph
2025-04-05 16:26:52,804 - src.graph.service_graph.ServiceGraph - INFO - Inferring relationships between services...
2025-04-05 16:26:52,804 - src.graph.service_graph.ServiceGraph - INFO - Inference complete. Added relationships based on common patterns.
2025-04-05 16:26:52,804 - __main__ - INFO - Built service graph with 8 nodes and 10 edges
2025-04-05 16:26:52,804 - __main__ - INFO - Enabling ML capabilities
2025-04-05 16:26:52,804 - src.ml.anomaly_detection.AnomalyDetectionEngine - INFO - Added detector: metrics
2025-04-05 16:26:52,804 - src.ml.anomaly_detection.AnomalyDetectionEngine - INFO - Added detector: logs
2025-04-05 16:26:52,804 - src.ml.anomaly_detection.AnomalyDetectionEngine - INFO - Added detector: ml
2025-04-05 16:26:52,804 - src.ml.learning.remediation_learner.RemediationLearningEngine - INFO - Added learner: rules
2025-04-05 16:26:52,804 - src.ml.learning.remediation_learner.RemediationLearningEngine - INFO - Added learner: rl
2025-04-05 16:26:52,804 - src.ml.learning.remediation_learner.RemediationLearningEngine - INFO - Registered action: Restart Service
2025-04-05 16:26:52,804 - src.ml.learning.remediation_learner.RemediationLearningEngine - INFO - Registered action: Scale Service
2025-04-05 16:26:52,804 - src.ml.learning.remediation_learner.RemediationLearningEngine - INFO - Registered action: Rollback Deployment
2025-04-05 16:26:52,804 - src.ml.learning.remediation_learner.RemediationLearningEngine - INFO - Registered action: Drain Node
2025-04-05 16:26:52,804 - src.ml.learning.remediation_learner.RemediationLearningEngine - INFO - Registered action: Clear Cache
2025-04-05 16:26:52,804 - __main__ - INFO - Loading ML models from models
2025-04-05 16:26:52,806 - src.ml.anomaly_detection.AnomalyDetectionEngine - ERROR - Error loading model for detector metrics: 'baseline'
2025-04-05 16:26:52,806 - src.ml.anomaly_detection.AnomalyDetectionEngine - INFO - Loaded model for detector: logs
2025-04-05 16:26:52,806 - src.ml.anomaly_detection.AnomalyDetectionEngine - INFO - Loaded model for detector: ml
2025-04-05 16:26:52,806 - src.ml.learning.remediation_learner.RemediationLearningEngine - ERROR - Error loading model for learner rules: 'config'
2025-04-05 16:26:52,806 - src.ml.learning.remediation_learner.RemediationLearningEngine - INFO - Loaded model for learner: rl
2025-04-05 16:26:52,807 - src.ml.integration.MLIntegrationEngine - INFO - Loaded all ML models from models
2025-04-05 16:26:52,808 - src.ml.integration.MLIntegrationEngine - INFO - Started monitoring thread
2025-04-05 16:26:52,815 - src.ml.anomaly_detection.AnomalyDetectionEngine - ERROR - Error in detector metrics: Model must be trained before detection
2025-04-05 16:26:52,816 - __main__ - INFO - Started ML monitoring
2025-04-05 16:26:52,816 - src.ml.anomaly_detection.AnomalyDetectionEngine - ERROR - Error in detector logs: Model must be trained before detection
2025-04-05 16:26:52,816 - src.ml.integration.MLIntegrationEngine - INFO - Detected anomalies: 0
2025-04-05 16:26:52,816 - __main__ - INFO - Scheduled anomaly injection
2025-04-05 16:26:52,816 - __main__ - INFO - Starting web server on 0.0.0.0:8080
2025-04-05 16:26:52,817 - src.web.server - INFO - Created/updated web interface HTML at /Users/rajranjan/CredHackathon/src/web/static/index.html
2025-04-05 16:26:53,070 - src.web.server - INFO - Starting web server on 0.0.0.0:8080
2025-04-05 16:27:22,819 - __main__ - INFO - Injected synthetic issue synthetic-issue-20250405162722 affecting service database
2025-04-05 16:27:22,821 - src.ml.learning.remediation_learner.RemediationLearningEngine - WARNING - No available actions for the current state
2025-04-05 16:27:22,821 - __main__ - INFO - Updated health status of database to critical
2025-04-05 16:27:52,845 - src.ml.anomaly_detection.AnomalyDetectionEngine - ERROR - Error in detector metrics: Model must be trained before detection
2025-04-05 16:27:52,845 - src.ml.anomaly_detection.AnomalyDetectionEngine - ERROR - Error in detector logs: Model must be trained before detection
2025-04-05 16:27:52,845 - src.ml.integration.MLIntegrationEngine - INFO - Detected anomalies: 0
2025-04-05 16:28:40,456 - __main__ - INFO - Server interrupted by user
2025-04-05 16:28:45,461 - src.ml.integration.MLIntegrationEngine - INFO - Stopped monitoring thread
2025-04-05 16:28:45,461 - __main__ - INFO - Stopped ML monitoring
2025-04-05 16:28:45,461 - __main__ - INFO - Server stopped
2025-04-05 16:46:33,370 - __main__ - INFO - No configuration provided, using demo graph
2025-04-05 16:46:33,370 - src.graph.service_graph.ServiceGraph - INFO - Inferring relationships between services...
2025-04-05 16:46:33,370 - src.graph.service_graph.ServiceGraph - INFO - Inference complete. Added relationships based on common patterns.
2025-04-05 16:46:33,370 - __main__ - INFO - Built service graph with 8 nodes and 10 edges
2025-04-05 16:46:33,370 - __main__ - INFO - Enabling ML capabilities
2025-04-05 16:46:33,370 - src.ml.anomaly_detection.AnomalyDetectionEngine - INFO - Added detector: metrics
2025-04-05 16:46:33,370 - src.ml.anomaly_detection.AnomalyDetectionEngine - INFO - Added detector: logs
2025-04-05 16:46:33,370 - src.ml.anomaly_detection.AnomalyDetectionEngine - INFO - Added detector: ml
2025-04-05 16:46:33,370 - src.ml.learning.remediation_learner.RemediationLearningEngine - INFO - Added learner: rules
2025-04-05 16:46:33,370 - src.ml.learning.remediation_learner.RemediationLearningEngine - INFO - Added learner: rl
2025-04-05 16:46:33,370 - src.ml.learning.remediation_learner.RemediationLearningEngine - INFO - Registered action: Restart Service
2025-04-05 16:46:33,370 - src.ml.learning.remediation_learner.RemediationLearningEngine - INFO - Registered action: Scale Service
2025-04-05 16:46:33,370 - src.ml.learning.remediation_learner.RemediationLearningEngine - INFO - Registered action: Rollback Deployment
2025-04-05 16:46:33,370 - src.ml.learning.remediation_learner.RemediationLearningEngine - INFO - Registered action: Drain Node
2025-04-05 16:46:33,370 - src.ml.learning.remediation_learner.RemediationLearningEngine - INFO - Registered action: Clear Cache
2025-04-05 16:46:33,370 - __main__ - INFO - Loading ML models from models
2025-04-05 16:46:33,372 - src.ml.anomaly_detection.AnomalyDetectionEngine - ERROR - Error loading model for detector metrics: 'config'
2025-04-05 16:46:33,373 - src.ml.anomaly_detection.AnomalyDetectionEngine - INFO - Loaded model for detector: logs
2025-04-05 16:46:33,373 - src.ml.anomaly_detection.AnomalyDetectionEngine - INFO - Loaded model for detector: ml
2025-04-05 16:46:33,373 - src.ml.learning.remediation_learner.RemediationLearningEngine - ERROR - Error loading model for learner rules: 'config'
2025-04-05 16:46:33,373 - src.ml.learning.remediation_learner.RemediationLearningEngine - INFO - Loaded model for learner: rl
2025-04-05 16:46:33,373 - src.ml.integration.MLIntegrationEngine - INFO - Loaded all ML models from models
2025-04-05 16:46:33,375 - src.ml.integration.MLIntegrationEngine - INFO - Started monitoring thread
2025-04-05 16:46:33,375 - __main__ - INFO - Started ML monitoring
2025-04-05 16:46:33,375 - __main__ - INFO - Scheduled anomaly injection
2025-04-05 16:46:33,381 - __main__ - INFO - Starting web server on 0.0.0.0:8080
2025-04-05 16:46:33,383 - src.ml.anomaly_detection.AnomalyDetectionEngine - ERROR - Error in detector metrics: Model must be trained before detection
2025-04-05 16:46:33,383 - src.ml.anomaly_detection.AnomalyDetectionEngine - ERROR - Error in detector logs: Model must be trained before detection
2025-04-05 16:46:33,383 - src.ml.integration.MLIntegrationEngine - INFO - Detected anomalies: 0
2025-04-05 16:46:33,527 - src.web.server - INFO - Starting web server on 0.0.0.0:8080
2025-04-05 16:47:03,383 - __main__ - INFO - Injected synthetic issue synthetic-issue-20250405164703 affecting service auth
2025-04-05 16:47:03,384 - src.ml.learning.remediation_learner.RemediationLearningEngine - WARNING - No available actions for the current state
2025-04-05 16:47:03,384 - __main__ - INFO - Updated health status of auth to critical
2025-04-05 16:47:33,409 - src.ml.anomaly_detection.AnomalyDetectionEngine - ERROR - Error in detector metrics: Model must be trained before detection
2025-04-05 16:47:33,409 - src.ml.anomaly_detection.AnomalyDetectionEngine - ERROR - Error in detector logs: Model must be trained before detection
2025-04-05 16:47:33,409 - src.ml.integration.MLIntegrationEngine - INFO - Detected anomalies: 0
2025-04-05 16:48:33,446 - src.ml.anomaly_detection.AnomalyDetectionEngine - ERROR - Error in detector metrics: Model must be trained before detection
2025-04-05 16:48:33,447 - src.ml.anomaly_detection.AnomalyDetectionEngine - ERROR - Error in detector logs: Model must be trained before detection
2025-04-05 16:48:33,447 - src.ml.integration.MLIntegrationEngine - INFO - Detected anomalies: 0
2025-04-05 16:49:06,875 - __main__ - INFO - Server interrupted by user
2025-04-05 16:49:11,878 - src.ml.integration.MLIntegrationEngine - INFO - Stopped monitoring thread
2025-04-05 16:49:11,878 - __main__ - INFO - Stopped ML monitoring
2025-04-05 16:49:11,878 - __main__ - INFO - Server stopped
2025-04-05 16:49:50,164 - __main__ - INFO - No configuration provided, using demo graph
2025-04-05 16:49:50,165 - src.graph.service_graph.ServiceGraph - INFO - Inferring relationships between services...
2025-04-05 16:49:50,165 - src.graph.service_graph.ServiceGraph - INFO - Inference complete. Added relationships based on common patterns.
2025-04-05 16:49:50,165 - __main__ - INFO - Built service graph with 8 nodes and 10 edges
2025-04-05 16:49:50,165 - __main__ - INFO - Enabling ML capabilities
2025-04-05 16:49:50,165 - src.ml.anomaly_detection.AnomalyDetectionEngine - INFO - Added detector: metrics
2025-04-05 16:49:50,165 - src.ml.anomaly_detection.AnomalyDetectionEngine - INFO - Added detector: logs
2025-04-05 16:49:50,165 - src.ml.anomaly_detection.AnomalyDetectionEngine - INFO - Added detector: ml
2025-04-05 16:49:50,165 - src.ml.learning.remediation_learner.RemediationLearningEngine - INFO - Added learner: rules
2025-04-05 16:49:50,165 - src.ml.learning.remediation_learner.RemediationLearningEngine - INFO - Added learner: rl
2025-04-05 16:49:50,165 - src.ml.learning.remediation_learner.RemediationLearningEngine - INFO - Registered action: Restart Service
2025-04-05 16:49:50,165 - src.ml.learning.remediation_learner.RemediationLearningEngine - INFO - Registered action: Scale Service
2025-04-05 16:49:50,165 - src.ml.learning.remediation_learner.RemediationLearningEngine - INFO - Registered action: Rollback Deployment
2025-04-05 16:49:50,165 - src.ml.learning.remediation_learner.RemediationLearningEngine - INFO - Registered action: Drain Node
2025-04-05 16:49:50,165 - src.ml.learning.remediation_learner.RemediationLearningEngine - INFO - Registered action: Clear Cache
2025-04-05 16:49:50,165 - __main__ - INFO - Loading ML models from models
2025-04-05 16:49:50,169 - src.ml.anomaly_detection.TimeSeriesAnomalyDetector - INFO - Loaded time series anomaly detector from models/anomaly/metrics_model.npy
2025-04-05 16:49:50,169 - src.ml.anomaly_detection.AnomalyDetectionEngine - INFO - Loaded model for detector: metrics
2025-04-05 16:49:50,169 - src.ml.anomaly_detection.AnomalyDetectionEngine - INFO - Loaded model for detector: logs
2025-04-05 16:49:50,169 - src.ml.anomaly_detection.AnomalyDetectionEngine - INFO - Loaded model for detector: ml
2025-04-05 16:49:50,172 - src.ml.learning.remediation_learner.RemediationLearningEngine - ERROR - Error loading model for learner rules: 'config'
2025-04-05 16:49:50,172 - src.ml.learning.remediation_learner.RemediationLearningEngine - INFO - Loaded model for learner: rl
2025-04-05 16:49:50,173 - src.ml.integration.MLIntegrationEngine - INFO - Loaded all ML models from models
2025-04-05 16:49:50,178 - src.ml.integration.MLIntegrationEngine - INFO - Started monitoring thread
2025-04-05 16:49:50,178 - __main__ - INFO - Started ML monitoring
2025-04-05 16:49:50,192 - src.ml.anomaly_detection.AnomalyDetectionEngine - ERROR - Error in detector metrics: 'mean'
2025-04-05 16:49:50,192 - src.ml.anomaly_detection.AnomalyDetectionEngine - ERROR - Error in detector logs: Model must be trained before detection
2025-04-05 16:49:50,192 - src.ml.integration.MLIntegrationEngine - INFO - Detected anomalies: 0
2025-04-05 16:49:50,192 - __main__ - INFO - Scheduled anomaly injection
2025-04-05 16:49:50,193 - __main__ - INFO - Starting web server on 0.0.0.0:8080
2025-04-05 16:49:50,335 - src.web.server - INFO - Starting web server on 0.0.0.0:8080
2025-04-05 16:50:20,195 - __main__ - INFO - Injected synthetic issue synthetic-issue-20250405165020 affecting service auth
2025-04-05 16:50:20,195 - src.ml.learning.remediation_learner.RemediationLearningEngine - WARNING - No available actions for the current state
2025-04-05 16:50:20,196 - __main__ - INFO - Updated health status of auth to critical
2025-04-05 16:50:26,067 - __main__ - INFO - Server interrupted by user
2025-04-05 16:50:31,068 - src.ml.integration.MLIntegrationEngine - INFO - Stopped monitoring thread
2025-04-05 16:50:31,069 - __main__ - INFO - Stopped ML monitoring
2025-04-05 16:50:31,069 - __main__ - INFO - Server stopped
2025-04-05 16:54:30,424 - __main__ - INFO - No configuration provided, using demo graph
2025-04-05 16:54:30,424 - src.graph.service_graph.ServiceGraph - INFO - Inferring relationships between services...
2025-04-05 16:54:30,424 - src.graph.service_graph.ServiceGraph - INFO - Inference complete. Added relationships based on common patterns.
2025-04-05 16:54:30,424 - __main__ - INFO - Built service graph with 8 nodes and 10 edges
2025-04-05 16:54:30,424 - __main__ - INFO - Enabling ML capabilities
2025-04-05 16:54:30,425 - src.ml.anomaly_detection.AnomalyDetectionEngine - INFO - Added detector: metrics
2025-04-05 16:54:30,425 - src.ml.anomaly_detection.AnomalyDetectionEngine - INFO - Added detector: logs
2025-04-05 16:54:30,425 - src.ml.anomaly_detection.AnomalyDetectionEngine - INFO - Added detector: ml
2025-04-05 16:54:30,425 - src.ml.learning.remediation_learner.RemediationLearningEngine - INFO - Added learner: rules
2025-04-05 16:54:30,425 - src.ml.learning.remediation_learner.RemediationLearningEngine - INFO - Added learner: rl
2025-04-05 16:54:30,425 - src.ml.learning.remediation_learner.RemediationLearningEngine - INFO - Registered action: Restart Service
2025-04-05 16:54:30,425 - src.ml.learning.remediation_learner.RemediationLearningEngine - INFO - Registered action: Scale Service
2025-04-05 16:54:30,425 - src.ml.learning.remediation_learner.RemediationLearningEngine - INFO - Registered action: Rollback Deployment
2025-04-05 16:54:30,425 - src.ml.learning.remediation_learner.RemediationLearningEngine - INFO - Registered action: Drain Node
2025-04-05 16:54:30,425 - src.ml.learning.remediation_learner.RemediationLearningEngine - INFO - Registered action: Clear Cache
2025-04-05 16:54:30,425 - __main__ - INFO - Loading ML models from models
2025-04-05 16:54:30,427 - src.ml.anomaly_detection.AnomalyDetectionEngine - ERROR - Error loading model for detector metrics: 'baseline'
2025-04-05 16:54:30,427 - src.ml.anomaly_detection.AnomalyDetectionEngine - INFO - Loaded model for detector: logs
2025-04-05 16:54:30,427 - src.ml.anomaly_detection.AnomalyDetectionEngine - INFO - Loaded model for detector: ml
2025-04-05 16:54:30,427 - src.ml.learning.remediation_learner.RemediationLearningEngine - ERROR - Error loading model for learner rules: 'list' object has no attribute 'items'
2025-04-05 16:54:30,427 - src.ml.learning.remediation_learner.RemediationLearningEngine - INFO - Loaded model for learner: rl
2025-04-05 16:54:30,427 - src.ml.integration.MLIntegrationEngine - INFO - Loaded all ML models from models
2025-04-05 16:54:30,429 - src.ml.integration.MLIntegrationEngine - INFO - Started monitoring thread
2025-04-05 16:54:30,429 - __main__ - INFO - Started ML monitoring
2025-04-05 16:54:30,429 - __main__ - INFO - Scheduled anomaly injection
2025-04-05 16:54:30,429 - __main__ - INFO - Starting web server on 0.0.0.0:8080
2025-04-05 16:54:30,438 - src.ml.anomaly_detection.AnomalyDetectionEngine - ERROR - Error in detector metrics: Model must be trained before detection
2025-04-05 16:54:30,438 - src.ml.anomaly_detection.AnomalyDetectionEngine - ERROR - Error in detector logs: Model must be trained before detection
2025-04-05 16:54:30,438 - src.ml.integration.MLIntegrationEngine - INFO - Detected anomalies: 0
2025-04-05 16:54:30,582 - src.web.server - INFO - Starting web server on 0.0.0.0:8080
2025-04-05 16:55:00,434 - __main__ - INFO - Injected synthetic issue synthetic-issue-20250405165500 affecting service backend
2025-04-05 16:55:00,435 - src.ml.learning.remediation_learner.RemediationLearningEngine - WARNING - No available actions for the current state
2025-04-05 16:55:00,435 - __main__ - INFO - Updated health status of backend to critical
2025-04-05 16:55:08,363 - __main__ - INFO - Server interrupted by user
2025-04-05 16:55:13,365 - src.ml.integration.MLIntegrationEngine - INFO - Stopped monitoring thread
2025-04-05 16:55:13,365 - __main__ - INFO - Stopped ML monitoring
2025-04-05 16:55:13,366 - __main__ - INFO - Server stopped
2025-04-05 17:26:22,879 - __main__ - INFO - No configuration provided, using demo graph
2025-04-05 17:26:22,880 - src.graph.service_graph.ServiceGraph - INFO - Inferring relationships between services...
2025-04-05 17:26:22,880 - src.graph.service_graph.ServiceGraph - INFO - Inference complete. Added relationships based on common patterns.
2025-04-05 17:26:22,880 - __main__ - INFO - Built service graph with 8 nodes and 10 edges
2025-04-05 17:26:22,880 - __main__ - INFO - Enabling ML capabilities
2025-04-05 17:26:23,164 - src.ml.anomaly_detection.AnomalyDetectionEngine - INFO - Added detector: metrics
2025-04-05 17:26:23,164 - src.ml.anomaly_detection.AnomalyDetectionEngine - INFO - Added detector: logs
2025-04-05 17:26:23,164 - src.ml.anomaly_detection.AnomalyDetectionEngine - INFO - Added detector: ml
2025-04-05 17:26:23,164 - src.ml.learning.remediation_learner.RemediationLearningEngine - INFO - Added learner: rules
2025-04-05 17:26:23,165 - src.ml.learning.remediation_learner.RemediationLearningEngine - INFO - Added learner: rl
2025-04-05 17:26:23,165 - src.ml.learning.remediation_learner.RemediationLearningEngine - INFO - Registered action: Restart Service
2025-04-05 17:26:23,165 - src.ml.learning.remediation_learner.RemediationLearningEngine - INFO - Registered action: Scale Service
2025-04-05 17:26:23,165 - src.ml.learning.remediation_learner.RemediationLearningEngine - INFO - Registered action: Rollback Deployment
2025-04-05 17:26:23,165 - src.ml.learning.remediation_learner.RemediationLearningEngine - INFO - Registered action: Drain Node
2025-04-05 17:26:23,165 - src.ml.learning.remediation_learner.RemediationLearningEngine - INFO - Registered action: Clear Cache
2025-04-05 17:26:23,165 - __main__ - INFO - Loading ML models from models
2025-04-05 17:26:23,201 - src.ml.anomaly_detection.AnomalyDetectionEngine - ERROR - Error loading model for detector metrics: 'baseline'
2025-04-05 17:26:23,201 - src.ml.anomaly_detection.AnomalyDetectionEngine - INFO - Loaded model for detector: logs
2025-04-05 17:26:23,201 - src.ml.anomaly_detection.AnomalyDetectionEngine - INFO - Loaded model for detector: ml
2025-04-05 17:26:23,203 - src.ml.learning.remediation_learner.RemediationLearningEngine - ERROR - Error loading model for learner rules: 'list' object has no attribute 'items'
2025-04-05 17:26:23,219 - src.ml.learning.remediation_learner.RemediationLearningEngine - INFO - Loaded model for learner: rl
2025-04-05 17:26:23,220 - src.ml.integration.MLIntegrationEngine - INFO - Loaded all ML models from models
2025-04-05 17:26:23,238 - src.ml.integration.MLIntegrationEngine - INFO - Started monitoring thread
2025-04-05 17:26:23,255 - src.ml.anomaly_detection.AnomalyDetectionEngine - ERROR - Error in detector metrics: Model must be trained before detection
2025-04-05 17:26:23,255 - src.ml.anomaly_detection.AnomalyDetectionEngine - ERROR - Error in detector logs: Model must be trained before detection
2025-04-05 17:26:23,255 - src.ml.integration.MLIntegrationEngine - INFO - Detected anomalies: 0
2025-04-05 17:26:23,255 - __main__ - INFO - Started ML monitoring
2025-04-05 17:26:23,256 - __main__ - INFO - Scheduled anomaly injection
2025-04-05 17:26:23,256 - __main__ - ERROR - Error enabling ML capabilities: 'MLIntegrationEngine' object has no attribute 'schedule_anomaly_injection'
2025-04-05 17:26:23,552 - src.web.server - INFO - Starting web server on 0.0.0.0:8080
2025-04-05 17:27:23,282 - src.ml.anomaly_detection.AnomalyDetectionEngine - ERROR - Error in detector metrics: Model must be trained before detection
2025-04-05 17:27:23,282 - src.ml.anomaly_detection.AnomalyDetectionEngine - ERROR - Error in detector logs: Model must be trained before detection
2025-04-05 17:27:23,282 - src.ml.integration.MLIntegrationEngine - INFO - Detected anomalies: 0
2025-04-05 17:28:23,322 - src.ml.anomaly_detection.AnomalyDetectionEngine - ERROR - Error in detector metrics: Model must be trained before detection
2025-04-05 17:28:23,323 - src.ml.anomaly_detection.AnomalyDetectionEngine - ERROR - Error in detector logs: Model must be trained before detection
2025-04-05 17:28:23,323 - src.ml.integration.MLIntegrationEngine - INFO - Detected anomalies: 0
2025-04-05 17:28:39,433 - __main__ - INFO - Server interrupted by user
2025-04-05 17:28:44,443 - src.ml.integration.MLIntegrationEngine - INFO - Stopped monitoring thread
2025-04-05 17:28:44,444 - __main__ - INFO - Stopped ML monitoring
2025-04-05 17:28:44,444 - __main__ - INFO - Server stopped
2025-04-05 17:29:40,127 - __main__ - INFO - No configuration provided, using demo graph
2025-04-05 17:29:40,127 - src.graph.service_graph.ServiceGraph - INFO - Inferring relationships between services...
2025-04-05 17:29:40,127 - src.graph.service_graph.ServiceGraph - INFO - Inference complete. Added relationships based on common patterns.
2025-04-05 17:29:40,127 - __main__ - INFO - Built service graph with 8 nodes and 10 edges
2025-04-05 17:29:40,128 - __main__ - INFO - Enabling ML capabilities
2025-04-05 17:29:40,339 - src.ml.anomaly_detection.AnomalyDetectionEngine - INFO - Added detector: metrics
2025-04-05 17:29:40,339 - src.ml.anomaly_detection.AnomalyDetectionEngine - INFO - Added detector: logs
2025-04-05 17:29:40,339 - src.ml.anomaly_detection.AnomalyDetectionEngine - INFO - Added detector: ml
2025-04-05 17:29:40,339 - src.ml.learning.remediation_learner.RemediationLearningEngine - INFO - Added learner: rules
2025-04-05 17:29:40,339 - src.ml.learning.remediation_learner.RemediationLearningEngine - INFO - Added learner: rl
2025-04-05 17:29:40,339 - src.ml.learning.remediation_learner.RemediationLearningEngine - INFO - Registered action: Restart Service
2025-04-05 17:29:40,339 - src.ml.learning.remediation_learner.RemediationLearningEngine - INFO - Registered action: Scale Service
2025-04-05 17:29:40,339 - src.ml.learning.remediation_learner.RemediationLearningEngine - INFO - Registered action: Rollback Deployment
2025-04-05 17:29:40,339 - src.ml.learning.remediation_learner.RemediationLearningEngine - INFO - Registered action: Drain Node
2025-04-05 17:29:40,339 - src.ml.learning.remediation_learner.RemediationLearningEngine - INFO - Registered action: Clear Cache
2025-04-05 17:29:40,339 - __main__ - INFO - Loading ML models from models
2025-04-05 17:29:40,341 - src.ml.anomaly_detection.AnomalyDetectionEngine - ERROR - Error loading model for detector metrics: 'baseline'
2025-04-05 17:29:40,341 - src.ml.anomaly_detection.AnomalyDetectionEngine - INFO - Loaded model for detector: logs
2025-04-05 17:29:40,341 - src.ml.anomaly_detection.AnomalyDetectionEngine - INFO - Loaded model for detector: ml
2025-04-05 17:29:40,341 - src.ml.learning.remediation_learner.RemediationLearningEngine - ERROR - Error loading model for learner rules: 'list' object has no attribute 'items'
2025-04-05 17:29:40,341 - src.ml.learning.remediation_learner.RemediationLearningEngine - INFO - Loaded model for learner: rl
2025-04-05 17:29:40,342 - src.ml.integration.MLIntegrationEngine - INFO - Loaded all ML models from models
2025-04-05 17:29:40,343 - src.ml.integration.MLIntegrationEngine - INFO - Started monitoring thread
2025-04-05 17:29:40,343 - __main__ - INFO - Started ML monitoring
2025-04-05 17:29:40,343 - __main__ - INFO - Scheduled anomaly injection
2025-04-05 17:29:40,363 - src.ml.anomaly_detection.AnomalyDetectionEngine - ERROR - Error in detector metrics: Model must be trained before detection
2025-04-05 17:29:40,364 - src.ml.anomaly_detection.AnomalyDetectionEngine - ERROR - Error in detector logs: Model must be trained before detection
2025-04-05 17:29:40,364 - src.ml.integration.MLIntegrationEngine - INFO - Detected anomalies: 0
2025-04-05 17:29:40,496 - src.web.server - INFO - Starting web server on 0.0.0.0:8080
2025-04-05 17:30:10,349 - __main__ - INFO - Injected synthetic issue synthetic-issue-20250405173010 affecting service analytics
2025-04-05 17:30:40,402 - src.ml.anomaly_detection.AnomalyDetectionEngine - ERROR - Error in detector metrics: Model must be trained before detection
2025-04-05 17:30:40,402 - src.ml.anomaly_detection.AnomalyDetectionEngine - ERROR - Error in detector logs: Model must be trained before detection
2025-04-05 17:30:40,402 - src.ml.integration.MLIntegrationEngine - INFO - Detected anomalies: 0
2025-04-05 17:31:40,441 - src.ml.anomaly_detection.AnomalyDetectionEngine - ERROR - Error in detector metrics: Model must be trained before detection
2025-04-05 17:31:40,441 - src.ml.anomaly_detection.AnomalyDetectionEngine - ERROR - Error in detector logs: Model must be trained before detection
2025-04-05 17:31:40,441 - src.ml.integration.MLIntegrationEngine - INFO - Detected anomalies: 0
2025-04-05 17:32:40,470 - src.ml.anomaly_detection.AnomalyDetectionEngine - ERROR - Error in detector metrics: Model must be trained before detection
2025-04-05 17:32:40,470 - src.ml.anomaly_detection.AnomalyDetectionEngine - ERROR - Error in detector logs: Model must be trained before detection
2025-04-05 17:32:40,470 - src.ml.integration.MLIntegrationEngine - INFO - Detected anomalies: 0
2025-04-05 17:33:40,499 - src.ml.anomaly_detection.AnomalyDetectionEngine - ERROR - Error in detector metrics: Model must be trained before detection
2025-04-05 17:33:40,500 - src.ml.anomaly_detection.AnomalyDetectionEngine - ERROR - Error in detector logs: Model must be trained before detection
2025-04-05 17:33:40,501 - src.ml.integration.MLIntegrationEngine - INFO - Detected anomalies: 0
2025-04-05 17:34:40,529 - src.ml.anomaly_detection.AnomalyDetectionEngine - ERROR - Error in detector metrics: Model must be trained before detection
2025-04-05 17:34:40,530 - src.ml.anomaly_detection.AnomalyDetectionEngine - ERROR - Error in detector logs: Model must be trained before detection
2025-04-05 17:34:40,530 - src.ml.integration.MLIntegrationEngine - INFO - Detected anomalies: 0
2025-04-05 17:35:40,554 - src.ml.anomaly_detection.AnomalyDetectionEngine - ERROR - Error in detector metrics: Model must be trained before detection
2025-04-05 17:35:40,555 - src.ml.anomaly_detection.AnomalyDetectionEngine - ERROR - Error in detector logs: Model must be trained before detection
2025-04-05 17:35:40,555 - src.ml.integration.MLIntegrationEngine - INFO - Detected anomalies: 0
2025-04-05 17:36:40,581 - src.ml.anomaly_detection.AnomalyDetectionEngine - ERROR - Error in detector metrics: Model must be trained before detection
2025-04-05 17:36:40,581 - src.ml.anomaly_detection.AnomalyDetectionEngine - ERROR - Error in detector logs: Model must be trained before detection
2025-04-05 17:36:40,581 - src.ml.integration.MLIntegrationEngine - INFO - Detected anomalies: 0
2025-04-05 17:37:40,605 - src.ml.anomaly_detection.AnomalyDetectionEngine - ERROR - Error in detector metrics: Model must be trained before detection
2025-04-05 17:37:40,606 - src.ml.anomaly_detection.AnomalyDetectionEngine - ERROR - Error in detector logs: Model must be trained before detection
2025-04-05 17:37:40,606 - src.ml.integration.MLIntegrationEngine - INFO - Detected anomalies: 0
2025-04-05 17:38:06,659 - __main__ - INFO - Server interrupted by user
2025-04-05 17:38:11,661 - src.ml.integration.MLIntegrationEngine - INFO - Stopped monitoring thread
2025-04-05 17:38:11,661 - __main__ - INFO - Stopped ML monitoring
2025-04-05 17:38:11,661 - __main__ - INFO - Server stopped
2025-04-05 17:47:18,222 - __main__ - INFO - No configuration provided, using demo graph
2025-04-05 17:47:18,223 - src.graph.service_graph.ServiceGraph - INFO - Inferring relationships between services...
2025-04-05 17:47:18,223 - src.graph.service_graph.ServiceGraph - INFO - Inference complete. Added relationships based on common patterns.
2025-04-05 17:47:18,223 - __main__ - INFO - Built service graph with 8 nodes and 10 edges
2025-04-05 17:47:18,223 - __main__ - INFO - Enabling ML capabilities
2025-04-05 17:47:18,451 - src.ml.anomaly_detection.AnomalyDetectionEngine - INFO - Added detector: metrics
2025-04-05 17:47:18,451 - src.ml.anomaly_detection.AnomalyDetectionEngine - INFO - Added detector: logs
2025-04-05 17:47:18,451 - src.ml.anomaly_detection.AnomalyDetectionEngine - INFO - Added detector: ml
2025-04-05 17:47:18,451 - src.ml.learning.remediation_learner.RemediationLearningEngine - INFO - Added learner: rules
2025-04-05 17:47:18,451 - src.ml.learning.remediation_learner.RemediationLearningEngine - INFO - Added learner: rl
2025-04-05 17:47:18,451 - src.ml.learning.remediation_learner.RemediationLearningEngine - INFO - Registered action: Restart Service
2025-04-05 17:47:18,452 - src.ml.learning.remediation_learner.RemediationLearningEngine - INFO - Registered action: Scale Service
2025-04-05 17:47:18,452 - src.ml.learning.remediation_learner.RemediationLearningEngine - INFO - Registered action: Rollback Deployment
2025-04-05 17:47:18,452 - src.ml.learning.remediation_learner.RemediationLearningEngine - INFO - Registered action: Drain Node
2025-04-05 17:47:18,452 - src.ml.learning.remediation_learner.RemediationLearningEngine - INFO - Registered action: Clear Cache
2025-04-05 17:47:18,452 - __main__ - INFO - Loading ML models from models
2025-04-05 17:47:18,454 - src.ml.anomaly_detection.AnomalyDetectionEngine - ERROR - Error loading model for detector metrics: 'baseline'
2025-04-05 17:47:18,454 - src.ml.anomaly_detection.AnomalyDetectionEngine - INFO - Loaded model for detector: logs
2025-04-05 17:47:18,454 - src.ml.anomaly_detection.AnomalyDetectionEngine - INFO - Loaded model for detector: ml
2025-04-05 17:47:18,455 - src.ml.learning.remediation_learner.RemediationLearningEngine - ERROR - Error loading model for learner rules: 'list' object has no attribute 'items'
2025-04-05 17:47:18,455 - src.ml.learning.remediation_learner.RemediationLearningEngine - INFO - Loaded model for learner: rl
2025-04-05 17:47:18,455 - src.ml.integration.MLIntegrationEngine - INFO - Loaded all ML models from models
2025-04-05 17:47:18,458 - src.ml.integration.MLIntegrationEngine - INFO - Started monitoring thread
2025-04-05 17:47:18,458 - __main__ - INFO - Started ML monitoring
2025-04-05 17:47:18,458 - __main__ - INFO - Scheduled anomaly injection
2025-04-05 17:47:18,547 - src.ml.anomaly_detection.AnomalyDetectionEngine - ERROR - Error in detector metrics: Model must be trained before detection
2025-04-05 17:47:18,547 - src.ml.anomaly_detection.AnomalyDetectionEngine - ERROR - Error in detector logs: Model must be trained before detection
2025-04-05 17:47:18,547 - src.ml.integration.MLIntegrationEngine - INFO - Detected anomalies: 0
2025-04-05 17:47:18,879 - src.web.server - INFO - Starting web server on 0.0.0.0:8080
2025-04-05 17:47:48,463 - __main__ - INFO - Injected synthetic issue synthetic-issue-20250405174748 affecting service auth
2025-04-05 17:48:18,583 - src.ml.anomaly_detection.AnomalyDetectionEngine - ERROR - Error in detector metrics: Model must be trained before detection
2025-04-05 17:48:18,583 - src.ml.anomaly_detection.AnomalyDetectionEngine - ERROR - Error in detector logs: Model must be trained before detection
2025-04-05 17:48:18,584 - src.ml.integration.MLIntegrationEngine - INFO - Detected anomalies: 0
2025-04-05 17:48:29,608 - __main__ - INFO - Server interrupted by user
2025-04-05 17:48:34,610 - src.ml.integration.MLIntegrationEngine - INFO - Stopped monitoring thread
2025-04-05 17:48:34,611 - __main__ - INFO - Stopped ML monitoring
2025-04-05 17:48:34,611 - __main__ - INFO - Server stopped
2025-04-05 17:50:32,981 - __main__ - INFO - No configuration provided, using demo graph
2025-04-05 17:50:32,981 - src.graph.service_graph.ServiceGraph - INFO - Inferring relationships between services...
2025-04-05 17:50:32,981 - src.graph.service_graph.ServiceGraph - INFO - Inference complete. Added relationships based on common patterns.
2025-04-05 17:50:32,981 - __main__ - INFO - Built service graph with 8 nodes and 10 edges
2025-04-05 17:50:32,981 - __main__ - INFO - Enabling ML capabilities
2025-04-05 17:50:33,311 - src.ml.anomaly_detection.AnomalyDetectionEngine - INFO - Added detector: metrics
2025-04-05 17:50:33,311 - src.ml.anomaly_detection.AnomalyDetectionEngine - INFO - Added detector: logs
2025-04-05 17:50:33,312 - src.ml.anomaly_detection.AnomalyDetectionEngine - INFO - Added detector: ml
2025-04-05 17:50:33,312 - src.ml.learning.remediation_learner.RemediationLearningEngine - INFO - Added learner: rules
2025-04-05 17:50:33,312 - src.ml.learning.remediation_learner.RemediationLearningEngine - INFO - Added learner: rl
2025-04-05 17:50:33,312 - src.ml.learning.remediation_learner.RemediationLearningEngine - INFO - Registered action: Restart Service
2025-04-05 17:50:33,312 - src.ml.learning.remediation_learner.RemediationLearningEngine - INFO - Registered action: Scale Service
2025-04-05 17:50:33,312 - src.ml.learning.remediation_learner.RemediationLearningEngine - INFO - Registered action: Rollback Deployment
2025-04-05 17:50:33,312 - src.ml.learning.remediation_learner.RemediationLearningEngine - INFO - Registered action: Drain Node
2025-04-05 17:50:33,312 - src.ml.learning.remediation_learner.RemediationLearningEngine - INFO - Registered action: Clear Cache
2025-04-05 17:50:33,312 - __main__ - INFO - Loading ML models from models
2025-04-05 17:50:33,315 - src.ml.anomaly_detection.AnomalyDetectionEngine - ERROR - Error loading model for detector metrics: 'baseline'
2025-04-05 17:50:33,315 - src.ml.anomaly_detection.AnomalyDetectionEngine - INFO - Loaded model for detector: logs
2025-04-05 17:50:33,315 - src.ml.anomaly_detection.AnomalyDetectionEngine - INFO - Loaded model for detector: ml
2025-04-05 17:50:33,315 - src.ml.learning.remediation_learner.RemediationLearningEngine - ERROR - Error loading model for learner rules: 'list' object has no attribute 'items'
2025-04-05 17:50:33,315 - src.ml.learning.remediation_learner.RemediationLearningEngine - INFO - Loaded model for learner: rl
2025-04-05 17:50:33,316 - src.ml.integration.MLIntegrationEngine - INFO - Loaded all ML models from models
2025-04-05 17:50:33,318 - src.ml.integration.MLIntegrationEngine - INFO - Started monitoring thread
2025-04-05 17:50:33,319 - __main__ - INFO - Started ML monitoring
2025-04-05 17:50:33,319 - __main__ - INFO - Scheduled anomaly injection
2025-04-05 17:50:33,349 - src.ml.anomaly_detection.AnomalyDetectionEngine - ERROR - Error in detector metrics: Model must be trained before detection
2025-04-05 17:50:33,350 - src.ml.anomaly_detection.AnomalyDetectionEngine - ERROR - Error in detector logs: Model must be trained before detection
2025-04-05 17:50:33,350 - src.ml.integration.MLIntegrationEngine - INFO - Detected anomalies: 0
2025-04-05 17:50:33,620 - src.web.server - INFO - Starting web server on 0.0.0.0:8080
2025-04-05 17:51:03,350 - __main__ - INFO - Injected synthetic issue synthetic-issue-20250405175103 affecting service backend
2025-04-05 17:51:03,352 - src.graph.service_graph.ServiceGraph - INFO - Updated node backend attribute health_status to critical
2025-04-05 17:51:03,352 - __main__ - INFO - Updated health status of backend to critical
2025-04-05 17:51:27,005 - __main__ - INFO - Server interrupted by user
2025-04-05 17:51:32,007 - src.ml.integration.MLIntegrationEngine - INFO - Stopped monitoring thread
2025-04-05 17:51:32,008 - __main__ - INFO - Stopped ML monitoring
2025-04-05 17:51:32,008 - __main__ - INFO - Server stopped
2025-04-05 17:55:30,335 - __main__ - INFO - No configuration provided, using demo graph
2025-04-05 17:55:30,335 - src.graph.service_graph.ServiceGraph - INFO - Inferring relationships between services...
2025-04-05 17:55:30,335 - src.graph.service_graph.ServiceGraph - INFO - Inference complete. Added relationships based on common patterns.
2025-04-05 17:55:30,335 - __main__ - INFO - Built service graph with 8 nodes and 10 edges
2025-04-05 17:55:30,335 - __main__ - INFO - Enabling ML capabilities
2025-04-05 17:55:30,549 - src.ml.anomaly_detection.AnomalyDetectionEngine - INFO - Added detector: metrics
2025-04-05 17:55:30,549 - src.ml.anomaly_detection.AnomalyDetectionEngine - INFO - Added detector: logs
2025-04-05 17:55:30,549 - src.ml.anomaly_detection.AnomalyDetectionEngine - INFO - Added detector: ml
2025-04-05 17:55:30,549 - src.ml.learning.remediation_learner.RemediationLearningEngine - INFO - Added learner: rules
2025-04-05 17:55:30,549 - src.ml.learning.remediation_learner.RemediationLearningEngine - INFO - Added learner: rl
2025-04-05 17:55:30,549 - src.ml.learning.remediation_learner.RemediationLearningEngine - INFO - Registered action: Restart Service
2025-04-05 17:55:30,549 - src.ml.learning.remediation_learner.RemediationLearningEngine - INFO - Registered action: Scale Service
2025-04-05 17:55:30,549 - src.ml.learning.remediation_learner.RemediationLearningEngine - INFO - Registered action: Rollback Deployment
2025-04-05 17:55:30,549 - src.ml.learning.remediation_learner.RemediationLearningEngine - INFO - Registered action: Drain Node
2025-04-05 17:55:30,549 - src.ml.learning.remediation_learner.RemediationLearningEngine - INFO - Registered action: Clear Cache
2025-04-05 17:55:30,549 - __main__ - INFO - Loading ML models from models
2025-04-05 17:55:30,551 - src.ml.anomaly_detection.AnomalyDetectionEngine - ERROR - Error loading model for detector metrics: 'baseline'
2025-04-05 17:55:30,551 - src.ml.anomaly_detection.AnomalyDetectionEngine - INFO - Loaded model for detector: logs
2025-04-05 17:55:30,551 - src.ml.anomaly_detection.AnomalyDetectionEngine - INFO - Loaded model for detector: ml
2025-04-05 17:55:30,551 - src.ml.learning.remediation_learner.RemediationLearningEngine - ERROR - Error loading model for learner rules: 'list' object has no attribute 'items'
2025-04-05 17:55:30,551 - src.ml.learning.remediation_learner.RemediationLearningEngine - INFO - Loaded model for learner: rl
2025-04-05 17:55:30,551 - src.ml.integration.MLIntegrationEngine - INFO - Loaded all ML models from models
2025-04-05 17:55:30,553 - src.ml.integration.MLIntegrationEngine - INFO - Started monitoring thread
2025-04-05 17:55:30,553 - __main__ - INFO - Started ML monitoring
2025-04-05 17:55:30,553 - __main__ - INFO - Scheduled anomaly injection
2025-04-05 17:55:30,565 - src.ml.anomaly_detection.AnomalyDetectionEngine - ERROR - Error in detector metrics: Model must be trained before detection
2025-04-05 17:55:30,566 - src.ml.anomaly_detection.AnomalyDetectionEngine - ERROR - Error in detector logs: Model must be trained before detection
2025-04-05 17:55:30,566 - src.ml.integration.MLIntegrationEngine - INFO - Detected anomalies: 0
2025-04-05 17:55:30,710 - src.web.server - INFO - Starting web server on 0.0.0.0:8080
2025-04-05 17:56:00,566 - __main__ - INFO - Injected synthetic issue synthetic-issue-20250405175600 affecting service queue
2025-04-05 17:56:00,573 - src.graph.service_graph.ServiceGraph - INFO - Updated node queue attribute health_status to critical
2025-04-05 17:56:00,573 - __main__ - INFO - Updated health status of queue to critical
2025-04-05 17:56:30,584 - __main__ - INFO - Injected synthetic issue synthetic-issue-20250405175630 affecting service cache
2025-04-05 17:56:30,585 - src.graph.service_graph.ServiceGraph - INFO - Updated node cache attribute health_status to critical
2025-04-05 17:56:30,585 - __main__ - INFO - Updated health status of cache to critical
2025-04-05 17:56:30,609 - src.ml.anomaly_detection.AnomalyDetectionEngine - ERROR - Error in detector metrics: Model must be trained before detection
2025-04-05 17:56:30,609 - src.ml.anomaly_detection.AnomalyDetectionEngine - ERROR - Error in detector logs: Model must be trained before detection
2025-04-05 17:56:30,609 - src.ml.integration.MLIntegrationEngine - INFO - Detected anomalies: 0
2025-04-05 17:57:00,586 - __main__ - INFO - Injected synthetic issue synthetic-issue-20250405175700 affecting service analytics
2025-04-05 17:57:00,587 - src.graph.service_graph.ServiceGraph - INFO - Updated node analytics attribute health_status to critical
2025-04-05 17:57:00,587 - __main__ - INFO - Updated health status of analytics to critical
2025-04-05 17:57:30,592 - __main__ - INFO - Injected synthetic issue synthetic-issue-20250405175730 affecting service frontend
2025-04-05 17:57:30,594 - src.graph.service_graph.ServiceGraph - INFO - Updated node frontend attribute health_status to critical
2025-04-05 17:57:30,594 - __main__ - INFO - Updated health status of frontend to critical
2025-04-05 17:57:30,634 - src.ml.anomaly_detection.AnomalyDetectionEngine - ERROR - Error in detector metrics: Model must be trained before detection
2025-04-05 17:57:30,634 - src.ml.anomaly_detection.AnomalyDetectionEngine - ERROR - Error in detector logs: Model must be trained before detection
2025-04-05 17:57:30,634 - src.ml.integration.MLIntegrationEngine - INFO - Detected anomalies: 0
2025-04-05 17:58:00,597 - __main__ - INFO - Injected synthetic issue synthetic-issue-20250405175800 affecting service analytics
2025-04-05 17:58:00,599 - src.graph.service_graph.ServiceGraph - INFO - Updated node analytics attribute health_status to critical
2025-04-05 17:58:00,599 - __main__ - INFO - Updated health status of analytics to critical
2025-04-05 17:58:30,601 - __main__ - INFO - Injected synthetic issue synthetic-issue-20250405175830 affecting service database
2025-04-05 17:58:30,603 - src.graph.service_graph.ServiceGraph - INFO - Updated node database attribute health_status to critical
2025-04-05 17:58:30,603 - __main__ - INFO - Updated health status of database to critical
2025-04-05 17:58:30,665 - src.ml.anomaly_detection.AnomalyDetectionEngine - ERROR - Error in detector metrics: Model must be trained before detection
2025-04-05 17:58:30,665 - src.ml.anomaly_detection.AnomalyDetectionEngine - ERROR - Error in detector logs: Model must be trained before detection
2025-04-05 17:58:30,665 - src.ml.integration.MLIntegrationEngine - INFO - Detected anomalies: 0
2025-04-05 17:59:00,608 - __main__ - INFO - Injected synthetic issue synthetic-issue-20250405175900 affecting service queue
2025-04-05 17:59:00,610 - src.graph.service_graph.ServiceGraph - INFO - Updated node queue attribute health_status to critical
2025-04-05 17:59:00,610 - __main__ - INFO - Updated health status of queue to critical
2025-04-05 17:59:30,616 - __main__ - INFO - Injected synthetic issue synthetic-issue-20250405175930 affecting service cache
2025-04-05 17:59:30,617 - src.graph.service_graph.ServiceGraph - INFO - Updated node cache attribute health_status to critical
2025-04-05 17:59:30,617 - __main__ - INFO - Updated health status of cache to critical
2025-04-05 17:59:30,689 - src.ml.anomaly_detection.AnomalyDetectionEngine - ERROR - Error in detector metrics: Model must be trained before detection
2025-04-05 17:59:30,689 - src.ml.anomaly_detection.AnomalyDetectionEngine - ERROR - Error in detector logs: Model must be trained before detection
2025-04-05 17:59:30,689 - src.ml.integration.MLIntegrationEngine - INFO - Detected anomalies: 0
2025-04-05 18:00:00,621 - __main__ - INFO - Injected synthetic issue synthetic-issue-20250405180000 affecting service auth
2025-04-05 18:00:00,622 - src.graph.service_graph.ServiceGraph - INFO - Updated node auth attribute health_status to critical
2025-04-05 18:00:00,622 - __main__ - INFO - Updated health status of auth to critical
2025-04-05 18:00:07,335 - __main__ - INFO - Server interrupted by user
2025-04-05 18:00:12,341 - src.ml.integration.MLIntegrationEngine - INFO - Stopped monitoring thread
2025-04-05 18:00:12,342 - __main__ - INFO - Stopped ML monitoring
2025-04-05 18:00:12,343 - __main__ - INFO - Server stopped
2025-04-05 18:01:01,006 - __main__ - INFO - No configuration provided, using demo graph
2025-04-05 18:01:01,006 - src.graph.service_graph.ServiceGraph - INFO - Inferring relationships between services...
2025-04-05 18:01:01,006 - src.graph.service_graph.ServiceGraph - INFO - Inference complete. Added relationships based on common patterns.
2025-04-05 18:01:01,006 - __main__ - INFO - Built service graph with 8 nodes and 10 edges
2025-04-05 18:01:01,006 - __main__ - INFO - Enabling ML capabilities
2025-04-05 18:01:01,225 - src.ml.anomaly_detection.AnomalyDetectionEngine - INFO - Added detector: metrics
2025-04-05 18:01:01,225 - src.ml.anomaly_detection.AnomalyDetectionEngine - INFO - Added detector: logs
2025-04-05 18:01:01,225 - src.ml.anomaly_detection.AnomalyDetectionEngine - INFO - Added detector: ml
2025-04-05 18:01:01,225 - src.ml.learning.remediation_learner.RemediationLearningEngine - INFO - Added learner: rules
2025-04-05 18:01:01,225 - src.ml.learning.remediation_learner.RemediationLearningEngine - INFO - Added learner: rl
2025-04-05 18:01:01,225 - src.ml.learning.remediation_learner.RemediationLearningEngine - INFO - Registered action: Restart Service
2025-04-05 18:01:01,225 - src.ml.learning.remediation_learner.RemediationLearningEngine - INFO - Registered action: Scale Service
2025-04-05 18:01:01,225 - src.ml.learning.remediation_learner.RemediationLearningEngine - INFO - Registered action: Rollback Deployment
2025-04-05 18:01:01,225 - src.ml.learning.remediation_learner.RemediationLearningEngine - INFO - Registered action: Drain Node
2025-04-05 18:01:01,225 - src.ml.learning.remediation_learner.RemediationLearningEngine - INFO - Registered action: Clear Cache
2025-04-05 18:01:01,225 - __main__ - INFO - Loading ML models from models
2025-04-05 18:01:01,227 - src.ml.anomaly_detection.AnomalyDetectionEngine - ERROR - Error loading model for detector metrics: 'baseline'
2025-04-05 18:01:01,227 - src.ml.anomaly_detection.AnomalyDetectionEngine - INFO - Loaded model for detector: logs
2025-04-05 18:01:01,227 - src.ml.anomaly_detection.AnomalyDetectionEngine - INFO - Loaded model for detector: ml
2025-04-05 18:01:01,227 - src.ml.learning.remediation_learner.RemediationLearningEngine - ERROR - Error loading model for learner rules: 'list' object has no attribute 'items'
2025-04-05 18:01:01,227 - src.ml.learning.remediation_learner.RemediationLearningEngine - INFO - Loaded model for learner: rl
2025-04-05 18:01:01,228 - src.ml.integration.MLIntegrationEngine - INFO - Loaded all ML models from models
2025-04-05 18:01:01,229 - src.ml.integration.MLIntegrationEngine - INFO - Started monitoring thread
2025-04-05 18:01:01,229 - __main__ - INFO - Started ML monitoring
2025-04-05 18:01:01,229 - __main__ - INFO - Scheduled anomaly injection
2025-04-05 18:01:01,241 - src.ml.anomaly_detection.AnomalyDetectionEngine - ERROR - Error in detector metrics: Model must be trained before detection
2025-04-05 18:01:01,242 - src.ml.anomaly_detection.AnomalyDetectionEngine - ERROR - Error in detector logs: Model must be trained before detection
2025-04-05 18:01:01,242 - src.ml.integration.MLIntegrationEngine - INFO - Detected anomalies: 0
2025-04-05 18:01:01,804 - src.web.server - INFO - Starting web server on 0.0.0.0:8080
2025-04-05 18:01:31,233 - __main__ - INFO - Injected synthetic issue synthetic-issue-20250405180131 affecting service backend
2025-04-05 18:01:31,234 - src.graph.service_graph.ServiceGraph - INFO - Updated node backend attribute health_status to critical
2025-04-05 18:01:31,235 - __main__ - INFO - Updated health status of backend to critical
2025-04-05 18:02:01,235 - __main__ - INFO - Injected synthetic issue synthetic-issue-20250405180201 affecting service analytics
2025-04-05 18:02:01,237 - src.graph.service_graph.ServiceGraph - INFO - Updated node analytics attribute health_status to critical
2025-04-05 18:02:01,237 - __main__ - INFO - Updated health status of analytics to critical
2025-04-05 18:02:01,280 - src.ml.anomaly_detection.AnomalyDetectionEngine - ERROR - Error in detector metrics: Model must be trained before detection
2025-04-05 18:02:01,280 - src.ml.anomaly_detection.AnomalyDetectionEngine - ERROR - Error in detector logs: Model must be trained before detection
2025-04-05 18:02:01,280 - src.ml.integration.MLIntegrationEngine - INFO - Detected anomalies: 0
2025-04-05 18:02:03,902 - __main__ - INFO - Server interrupted by user
2025-04-05 18:02:08,903 - src.ml.integration.MLIntegrationEngine - INFO - Stopped monitoring thread
2025-04-05 18:02:08,904 - __main__ - INFO - Stopped ML monitoring
2025-04-05 18:02:08,904 - __main__ - INFO - Server stopped
2025-04-05 18:03:14,765 - __main__ - INFO - No configuration provided, using demo graph
2025-04-05 18:03:14,765 - src.graph.service_graph.ServiceGraph - INFO - Inferring relationships between services...
2025-04-05 18:03:14,765 - src.graph.service_graph.ServiceGraph - INFO - Inference complete. Added relationships based on common patterns.
2025-04-05 18:03:14,765 - __main__ - INFO - Built service graph with 8 nodes and 10 edges
2025-04-05 18:03:14,765 - __main__ - INFO - Enabling ML capabilities
2025-04-05 18:03:14,982 - src.ml.anomaly_detection.AnomalyDetectionEngine - INFO - Added detector: metrics
2025-04-05 18:03:14,982 - src.ml.anomaly_detection.AnomalyDetectionEngine - INFO - Added detector: logs
2025-04-05 18:03:14,982 - src.ml.anomaly_detection.AnomalyDetectionEngine - INFO - Added detector: ml
2025-04-05 18:03:14,982 - src.ml.learning.remediation_learner.RemediationLearningEngine - INFO - Added learner: rules
2025-04-05 18:03:14,982 - src.ml.learning.remediation_learner.RemediationLearningEngine - INFO - Added learner: rl
2025-04-05 18:03:14,982 - src.ml.learning.remediation_learner.RemediationLearningEngine - INFO - Registered action: Restart Service
2025-04-05 18:03:14,982 - src.ml.learning.remediation_learner.RemediationLearningEngine - INFO - Registered action: Scale Service
2025-04-05 18:03:14,982 - src.ml.learning.remediation_learner.RemediationLearningEngine - INFO - Registered action: Rollback Deployment
2025-04-05 18:03:14,982 - src.ml.learning.remediation_learner.RemediationLearningEngine - INFO - Registered action: Drain Node
2025-04-05 18:03:14,982 - src.ml.learning.remediation_learner.RemediationLearningEngine - INFO - Registered action: Clear Cache
2025-04-05 18:03:14,982 - __main__ - INFO - Loading ML models from models
2025-04-05 18:03:14,984 - src.ml.anomaly_detection.AnomalyDetectionEngine - ERROR - Error loading model for detector metrics: 'baseline'
2025-04-05 18:03:14,984 - src.ml.anomaly_detection.AnomalyDetectionEngine - INFO - Loaded model for detector: logs
2025-04-05 18:03:14,984 - src.ml.anomaly_detection.AnomalyDetectionEngine - INFO - Loaded model for detector: ml
2025-04-05 18:03:14,984 - src.ml.learning.remediation_learner.RemediationLearningEngine - ERROR - Error loading model for learner rules: 'list' object has no attribute 'items'
2025-04-05 18:03:14,984 - src.ml.learning.remediation_learner.RemediationLearningEngine - INFO - Loaded model for learner: rl
2025-04-05 18:03:14,985 - src.ml.integration.MLIntegrationEngine - INFO - Loaded all ML models from models
2025-04-05 18:03:14,986 - src.ml.integration.MLIntegrationEngine - INFO - Started monitoring thread
2025-04-05 18:03:14,986 - __main__ - INFO - Started ML monitoring
2025-04-05 18:03:14,986 - __main__ - INFO - Scheduled anomaly injection
2025-04-05 18:03:14,995 - src.ml.anomaly_detection.AnomalyDetectionEngine - ERROR - Error in detector metrics: Model must be trained before detection
2025-04-05 18:03:14,995 - src.ml.anomaly_detection.AnomalyDetectionEngine - ERROR - Error in detector logs: Model must be trained before detection
2025-04-05 18:03:14,995 - src.ml.integration.MLIntegrationEngine - INFO - Detected anomalies: 0
2025-04-05 18:03:15,149 - src.web.server - INFO - Starting web server on 0.0.0.0:8080
2025-04-05 18:03:44,987 - __main__ - INFO - Injected synthetic issue synthetic-issue-20250405180344 affecting service auth
2025-04-05 18:03:44,989 - src.graph.service_graph.ServiceGraph - INFO - Updated node auth attribute health_status to critical
2025-04-05 18:03:44,989 - __main__ - INFO - Updated health status of auth to critical
2025-04-05 18:04:14,993 - __main__ - INFO - Injected synthetic issue synthetic-issue-20250405180414 affecting service cache
2025-04-05 18:04:14,994 - src.graph.service_graph.ServiceGraph - INFO - Updated node cache attribute health_status to critical
2025-04-05 18:04:14,994 - __main__ - INFO - Updated health status of cache to critical
2025-04-05 18:04:15,031 - src.ml.anomaly_detection.AnomalyDetectionEngine - ERROR - Error in detector metrics: Model must be trained before detection
2025-04-05 18:04:15,031 - src.ml.anomaly_detection.AnomalyDetectionEngine - ERROR - Error in detector logs: Model must be trained before detection
2025-04-05 18:04:15,031 - src.ml.integration.MLIntegrationEngine - INFO - Detected anomalies: 0
2025-04-05 18:04:44,997 - __main__ - INFO - Injected synthetic issue synthetic-issue-20250405180444 affecting service backend
2025-04-05 18:04:44,999 - src.graph.service_graph.ServiceGraph - INFO - Updated node backend attribute health_status to critical
2025-04-05 18:04:44,999 - __main__ - INFO - Updated health status of backend to critical
2025-04-05 18:04:51,535 - __main__ - INFO - Server interrupted by user
2025-04-05 18:04:56,537 - src.ml.integration.MLIntegrationEngine - INFO - Stopped monitoring thread
2025-04-05 18:04:56,538 - __main__ - INFO - Stopped ML monitoring
2025-04-05 18:04:56,538 - __main__ - INFO - Server stopped
